[debug] [2021-07-10T15:14:59.213Z] ----------------------------------------------------------------------
[debug] [2021-07-10T15:14:59.217Z] Command:       C:\Program Files\nodejs\node.exe C:\Users\Samsung-2010\AppData\Roaming\npm\node_modules\firebase-tools\lib\bin\firebase.js init
[debug] [2021-07-10T15:14:59.218Z] CLI Version:   9.16.0
[debug] [2021-07-10T15:14:59.218Z] Platform:      win32
[debug] [2021-07-10T15:14:59.218Z] Node Version:  v13.14.0
[debug] [2021-07-10T15:14:59.220Z] Time:          Sat Jul 10 2021 18:14:59 GMT+0300 (Moskva Standart Vaxtı)
[debug] [2021-07-10T15:14:59.220Z] ----------------------------------------------------------------------
[debug] 
[debug] [2021-07-10T15:14:59.341Z] > command requires scopes: ["email","openid","https://www.googleapis.com/auth/cloudplatformprojects.readonly","https://www.googleapis.com/auth/firebase","https://www.googleapis.com/auth/cloud-platform"]
[debug] [2021-07-10T15:14:59.342Z] > authorizing via signed-in user (qtuncay40@gmail.com)
[info] 
     ######## #### ########  ######## ########     ###     ######  ########
     ##        ##  ##     ## ##       ##     ##  ##   ##  ##       ##
     ######    ##  ########  ######   ########  #########  ######  ######
     ##        ##  ##    ##  ##       ##     ## ##     ##       ## ##
     ##       #### ##     ## ######## ########  ##     ##  ######  ########

You're about to initialize a Firebase project in this directory:

  C:\Users\Samsung-2010\Desktop\Tuncay\Projects\social-media-app

Before we get started, keep in mind:

  * You are initializing within an existing Firebase project directory

[info] 
=== Project Setup
[info] 
[info] First, let's associate this project directory with a Firebase project.
[info] You can create multiple project aliases by running firebase use --add, 
[info] but for now we'll just set up a default project.
[info] 
[info] i  .firebaserc already has a default project, using chitly-9711f. 
[debug] [2021-07-10T15:15:04.553Z] > refreshing access token with scopes: []
[debug] [2021-07-10T15:15:04.554Z] >>> HTTP REQUEST POST https://www.googleapis.com/oauth2/v3/token  
 <request body omitted>
[debug] [2021-07-10T15:15:04.908Z] <<< HTTP RESPONSE 200 {"pragma":"no-cache","cache-control":"no-cache, no-store, max-age=0, must-revalidate","expires":"Mon, 01 Jan 1990 00:00:00 GMT","date":"Sat, 10 Jul 2021 15:15:35 GMT","content-type":"application/json; charset=utf-8","vary":"X-Origin, Referer, Origin,Accept-Encoding","server":"scaffolding on HTTPServer2","x-xss-protection":"0","x-frame-options":"SAMEORIGIN","x-content-type-options":"nosniff","alt-svc":"h3=\":443\"; ma=2592000,h3-29=\":443\"; ma=2592000,h3-T051=\":443\"; ma=2592000,h3-Q050=\":443\"; ma=2592000,h3-Q046=\":443\"; ma=2592000,h3-Q043=\":443\"; ma=2592000,quic=\":443\"; ma=2592000; v=\"46,43\"","accept-ranges":"none","transfer-encoding":"chunked"}
[debug] [2021-07-10T15:15:04.988Z] >>> [apiv2][query] GET https://firebase.googleapis.com/v1beta1/projects/chitly-9711f [none]
[debug] [2021-07-10T15:15:05.512Z] <<< [apiv2][status] GET https://firebase.googleapis.com/v1beta1/projects/chitly-9711f 200
[debug] [2021-07-10T15:15:05.512Z] <<< [apiv2][body] GET https://firebase.googleapis.com/v1beta1/projects/chitly-9711f {"projectId":"chitly-9711f","projectNumber":"11200431287","displayName":"chitly","name":"projects/chitly-9711f","resources":{"hostingSite":"chitly-9711f","realtimeDatabaseInstance":"chitly-9711f-default-rtdb","storageBucket":"chitly-9711f.appspot.com","locationId":"us-central"},"state":"ACTIVE"}
[info] 
=== Hosting Setup
[info] 
[info] Your public directory is the folder (relative to your project directory) that
[info] will contain Hosting assets to be uploaded with firebase deploy. If you
[info] have a build process for your assets, use your build's output directory.
[info] 
